<?xml version="1.0" encoding="UTF-8"?>
<testng-results skipped="1" failed="0" ignored="0" total="9" passed="8">
  <reporter-output>
  </reporter-output>
  <suite name="Default suite" duration-ms="240118" started-at="2018-04-22T12:16:41Z" finished-at="2018-04-22T12:20:42Z">
    <groups>
    </groups>
    <test name="Default test" duration-ms="240118" started-at="2018-04-22T12:16:41Z" finished-at="2018-04-22T12:20:42Z">
      <class name="pageTest.SearchHotelPageTest">
        <test-method status="PASS" signature="initialize()[pri:0, instance:pageTest.SearchHotelPageTest@77cd7a0]" name="initialize" is-config="true" duration-ms="24237" started-at="2018-04-22T12:17:39Z" finished-at="2018-04-22T12:18:04Z">
          <reporter-output>
          </reporter-output>
        </test-method> <!-- initialize -->
        <test-method status="PASS" signature="searchForReasultTest()[pri:1, instance:pageTest.SearchHotelPageTest@77cd7a0]" name="searchForReasultTest" duration-ms="118" started-at="2018-04-22T12:18:04Z" finished-at="2018-04-22T12:18:04Z">
          <reporter-output>
          </reporter-output>
        </test-method> <!-- searchForReasultTest -->
        <test-method status="PASS" signature="tearDown()[pri:0, instance:pageTest.SearchHotelPageTest@77cd7a0]" name="tearDown" is-config="true" duration-ms="5772" started-at="2018-04-22T12:18:04Z" finished-at="2018-04-22T12:18:09Z">
          <reporter-output>
          </reporter-output>
        </test-method> <!-- tearDown -->
        <test-method status="PASS" signature="initialize()[pri:0, instance:pageTest.SearchHotelPageTest@77cd7a0]" name="initialize" is-config="true" duration-ms="32432" started-at="2018-04-22T12:19:03Z" finished-at="2018-04-22T12:19:36Z">
          <reporter-output>
          </reporter-output>
        </test-method> <!-- initialize -->
        <test-method status="PASS" signature="selectHotelTest()[pri:2, instance:pageTest.SearchHotelPageTest@77cd7a0]" name="selectHotelTest" duration-ms="11178" started-at="2018-04-22T12:19:36Z" finished-at="2018-04-22T12:19:47Z">
          <reporter-output>
          </reporter-output>
        </test-method> <!-- selectHotelTest -->
        <test-method status="PASS" signature="tearDown()[pri:0, instance:pageTest.SearchHotelPageTest@77cd7a0]" name="tearDown" is-config="true" duration-ms="5804" started-at="2018-04-22T12:19:47Z" finished-at="2018-04-22T12:19:53Z">
          <reporter-output>
          </reporter-output>
        </test-method> <!-- tearDown -->
      </class> <!-- pageTest.SearchHotelPageTest -->
      <class name="pageTest.LoginPageTest">
        <test-method status="PASS" signature="initialize()[pri:0, instance:pageTest.LoginPageTest@204f30ec]" name="initialize" is-config="true" duration-ms="17944" started-at="2018-04-22T12:18:09Z" finished-at="2018-04-22T12:18:27Z">
          <reporter-output>
          </reporter-output>
        </test-method> <!-- initialize -->
        <test-method status="PASS" signature="validateLoginPageTest()[pri:1, instance:pageTest.LoginPageTest@204f30ec]" name="validateLoginPageTest" duration-ms="111" started-at="2018-04-22T12:18:27Z" finished-at="2018-04-22T12:18:28Z">
          <reporter-output>
          </reporter-output>
        </test-method> <!-- validateLoginPageTest -->
        <test-method status="PASS" signature="tearDown()[pri:0, instance:pageTest.LoginPageTest@204f30ec]" name="tearDown" is-config="true" duration-ms="722" started-at="2018-04-22T12:18:28Z" finished-at="2018-04-22T12:18:28Z">
          <reporter-output>
          </reporter-output>
        </test-method> <!-- tearDown -->
        <test-method status="PASS" signature="initialize()[pri:0, instance:pageTest.LoginPageTest@204f30ec]" name="initialize" is-config="true" duration-ms="17125" started-at="2018-04-22T12:18:45Z" finished-at="2018-04-22T12:19:02Z">
          <reporter-output>
          </reporter-output>
        </test-method> <!-- initialize -->
        <test-method status="PASS" signature="loginTest()[pri:2, instance:pageTest.LoginPageTest@204f30ec]" name="loginTest" duration-ms="681" started-at="2018-04-22T12:19:02Z" finished-at="2018-04-22T12:19:02Z">
          <reporter-output>
          </reporter-output>
        </test-method> <!-- loginTest -->
        <test-method status="PASS" signature="tearDown()[pri:0, instance:pageTest.LoginPageTest@204f30ec]" name="tearDown" is-config="true" duration-ms="772" started-at="2018-04-22T12:19:02Z" finished-at="2018-04-22T12:19:03Z">
          <reporter-output>
          </reporter-output>
        </test-method> <!-- tearDown -->
      </class> <!-- pageTest.LoginPageTest -->
      <class name="pageTest.HomePageTest">
        <test-method status="PASS" signature="initialize()[pri:0, instance:pageTest.HomePageTest@e25b2fe]" name="initialize" is-config="true" duration-ms="15516" started-at="2018-04-22T12:18:28Z" finished-at="2018-04-22T12:18:44Z">
          <reporter-output>
          </reporter-output>
        </test-method> <!-- initialize -->
        <test-method status="PASS" signature="validateHomeTitleTest()[pri:1, instance:pageTest.HomePageTest@e25b2fe]" name="validateHomeTitleTest" duration-ms="27" started-at="2018-04-22T12:18:44Z" finished-at="2018-04-22T12:18:44Z">
          <reporter-output>
          </reporter-output>
        </test-method> <!-- validateHomeTitleTest -->
        <test-method status="PASS" signature="tearDown()[pri:0, instance:pageTest.HomePageTest@e25b2fe]" name="tearDown" is-config="true" duration-ms="756" started-at="2018-04-22T12:18:44Z" finished-at="2018-04-22T12:18:45Z">
          <reporter-output>
          </reporter-output>
        </test-method> <!-- tearDown -->
        <test-method status="PASS" signature="initialize()[pri:0, instance:pageTest.HomePageTest@e25b2fe]" name="initialize" is-config="true" duration-ms="20613" started-at="2018-04-22T12:19:53Z" finished-at="2018-04-22T12:20:13Z">
          <reporter-output>
          </reporter-output>
        </test-method> <!-- initialize -->
        <test-method status="PASS" signature="validateHomeLogoTest()[pri:2, instance:pageTest.HomePageTest@e25b2fe]" name="validateHomeLogoTest" duration-ms="122" started-at="2018-04-22T12:20:13Z" finished-at="2018-04-22T12:20:13Z">
          <reporter-output>
          </reporter-output>
        </test-method> <!-- validateHomeLogoTest -->
        <test-method status="PASS" signature="tearDown()[pri:0, instance:pageTest.HomePageTest@e25b2fe]" name="tearDown" is-config="true" duration-ms="855" started-at="2018-04-22T12:20:13Z" finished-at="2018-04-22T12:20:14Z">
          <reporter-output>
          </reporter-output>
        </test-method> <!-- tearDown -->
        <test-method status="FAIL" signature="initialize()[pri:0, instance:pageTest.HomePageTest@e25b2fe]" name="initialize" is-config="true" duration-ms="27394" started-at="2018-04-22T12:20:14Z" finished-at="2018-04-22T12:20:42Z">
          <exception class="org.openqa.selenium.TimeoutException">
            <message>
              <![CDATA[timeout
  (Session info: chrome=65.0.3325.181)
  (Driver info: chromedriver=2.36.540470 (e522d04694c7ebea4ba8821272dbef4f9b818c91),platform=Windows NT 10.0.16299 x86_64) (WARNING: The server did not provide any stacktrace information)
Command duration or timeout: 0 milliseconds
Build info: version: '3.11.0', revision: 'e59cfb3', time: '2018-03-11T20:26:55.152Z'
System info: host: 'DESKTOP-LMAQN76', ip: '192.168.1.6', os.name: 'Windows 10', os.arch: 'amd64', os.version: '10.0', java.version: '1.8.0_161'
Driver info: org.openqa.selenium.chrome.ChromeDriver
Capabilities {acceptInsecureCerts: false, acceptSslCerts: false, applicationCacheEnabled: false, browserConnectionEnabled: false, browserName: chrome, chrome: {chromedriverVersion: 2.36.540470 (e522d04694c7eb..., userDataDir: C:\Users\thalesh\AppData\Lo...}, cssSelectorsEnabled: true, databaseEnabled: false, handlesAlerts: true, hasTouchScreen: false, javascriptEnabled: true, locationContextEnabled: true, mobileEmulationEnabled: false, nativeEvents: true, networkConnectionEnabled: false, pageLoadStrategy: normal, platform: XP, platformName: XP, rotatable: false, setWindowRect: true, takesHeapSnapshot: true, takesScreenshot: true, unexpectedAlertBehaviour: , unhandledPromptBehavior: , version: 65.0.3325.181, webStorageEnabled: true}
Session ID: c4e9924c2fb190220de5086fccbfd389]]>
            </message>
            <full-stacktrace>
              <![CDATA[org.openqa.selenium.TimeoutException: timeout
  (Session info: chrome=65.0.3325.181)
  (Driver info: chromedriver=2.36.540470 (e522d04694c7ebea4ba8821272dbef4f9b818c91),platform=Windows NT 10.0.16299 x86_64) (WARNING: The server did not provide any stacktrace information)
Command duration or timeout: 0 milliseconds
Build info: version: '3.11.0', revision: 'e59cfb3', time: '2018-03-11T20:26:55.152Z'
System info: host: 'DESKTOP-LMAQN76', ip: '192.168.1.6', os.name: 'Windows 10', os.arch: 'amd64', os.version: '10.0', java.version: '1.8.0_161'
Driver info: org.openqa.selenium.chrome.ChromeDriver
Capabilities {acceptInsecureCerts: false, acceptSslCerts: false, applicationCacheEnabled: false, browserConnectionEnabled: false, browserName: chrome, chrome: {chromedriverVersion: 2.36.540470 (e522d04694c7eb..., userDataDir: C:\Users\thalesh\AppData\Lo...}, cssSelectorsEnabled: true, databaseEnabled: false, handlesAlerts: true, hasTouchScreen: false, javascriptEnabled: true, locationContextEnabled: true, mobileEmulationEnabled: false, nativeEvents: true, networkConnectionEnabled: false, pageLoadStrategy: normal, platform: XP, platformName: XP, rotatable: false, setWindowRect: true, takesHeapSnapshot: true, takesScreenshot: true, unexpectedAlertBehaviour: , unhandledPromptBehavior: , version: 65.0.3325.181, webStorageEnabled: true}
Session ID: c4e9924c2fb190220de5086fccbfd389
at sun.reflect.NativeConstructorAccessorImpl.newInstance0(Native Method)
at sun.reflect.NativeConstructorAccessorImpl.newInstance(NativeConstructorAccessorImpl.java:62)
at sun.reflect.DelegatingConstructorAccessorImpl.newInstance(DelegatingConstructorAccessorImpl.java:45)
at java.lang.reflect.Constructor.newInstance(Constructor.java:423)
at org.openqa.selenium.remote.ErrorHandler.createThrowable(ErrorHandler.java:214)
at org.openqa.selenium.remote.ErrorHandler.throwIfResponseFailed(ErrorHandler.java:166)
at org.openqa.selenium.remote.http.JsonHttpResponseCodec.reconstructValue(JsonHttpResponseCodec.java:40)
at org.openqa.selenium.remote.http.AbstractHttpResponseCodec.decode(AbstractHttpResponseCodec.java:80)
at org.openqa.selenium.remote.http.AbstractHttpResponseCodec.decode(AbstractHttpResponseCodec.java:44)
at org.openqa.selenium.remote.HttpCommandExecutor.execute(HttpCommandExecutor.java:158)
at org.openqa.selenium.remote.service.DriverCommandExecutor.execute(DriverCommandExecutor.java:83)
at org.openqa.selenium.remote.RemoteWebDriver.execute(RemoteWebDriver.java:545)
at org.openqa.selenium.remote.RemoteWebDriver.get(RemoteWebDriver.java:273)
at base.TestBase.initialization(TestBase.java:61)
at pageTest.HomePageTest.initialize(HomePageTest.java:28)
at sun.reflect.NativeMethodAccessorImpl.invoke0(Native Method)
at sun.reflect.NativeMethodAccessorImpl.invoke(NativeMethodAccessorImpl.java:62)
at sun.reflect.DelegatingMethodAccessorImpl.invoke(DelegatingMethodAccessorImpl.java:43)
at java.lang.reflect.Method.invoke(Method.java:498)
at org.testng.internal.MethodInvocationHelper.invokeMethod(MethodInvocationHelper.java:124)
at org.testng.internal.MethodInvocationHelper.invokeMethodConsideringTimeout(MethodInvocationHelper.java:59)
at org.testng.internal.Invoker.invokeConfigurationMethod(Invoker.java:458)
at org.testng.internal.Invoker.invokeConfigurations(Invoker.java:222)
at org.testng.internal.Invoker.invokeMethod(Invoker.java:523)
at org.testng.internal.Invoker.invokeTestMethod(Invoker.java:719)
at org.testng.internal.Invoker.invokeTestMethods(Invoker.java:989)
at org.testng.internal.TestMethodWorker.invokeTestMethods(TestMethodWorker.java:125)
at org.testng.internal.TestMethodWorker.run(TestMethodWorker.java:109)
at org.testng.TestRunner.privateRun(TestRunner.java:648)
at org.testng.TestRunner.run(TestRunner.java:505)
at org.testng.SuiteRunner.runTest(SuiteRunner.java:455)
at org.testng.SuiteRunner.runSequentially(SuiteRunner.java:450)
at org.testng.SuiteRunner.privateRun(SuiteRunner.java:415)
at org.testng.SuiteRunner.run(SuiteRunner.java:364)
at org.testng.SuiteRunnerWorker.runSuite(SuiteRunnerWorker.java:52)
at org.testng.SuiteRunnerWorker.run(SuiteRunnerWorker.java:84)
at org.testng.TestNG.runSuitesSequentially(TestNG.java:1208)
at org.testng.TestNG.runSuitesLocally(TestNG.java:1137)
at org.testng.TestNG.runSuites(TestNG.java:1049)
at org.testng.TestNG.run(TestNG.java:1017)
at org.testng.remote.AbstractRemoteTestNG.run(AbstractRemoteTestNG.java:114)
at org.testng.remote.RemoteTestNG.initAndRun(RemoteTestNG.java:251)
at org.testng.remote.RemoteTestNG.main(RemoteTestNG.java:77)
]]>
            </full-stacktrace>
          </exception> <!-- org.openqa.selenium.TimeoutException -->
          <reporter-output>
          </reporter-output>
        </test-method> <!-- initialize -->
        <test-method status="SKIP" signature="clickOnLoginLinkTest()[pri:3, instance:pageTest.HomePageTest@e25b2fe]" name="clickOnLoginLinkTest" duration-ms="0" started-at="2018-04-22T12:20:42Z" finished-at="2018-04-22T12:20:42Z">
          <exception class="org.openqa.selenium.TimeoutException">
            <message>
              <![CDATA[timeout
  (Session info: chrome=65.0.3325.181)
  (Driver info: chromedriver=2.36.540470 (e522d04694c7ebea4ba8821272dbef4f9b818c91),platform=Windows NT 10.0.16299 x86_64) (WARNING: The server did not provide any stacktrace information)
Command duration or timeout: 0 milliseconds
Build info: version: '3.11.0', revision: 'e59cfb3', time: '2018-03-11T20:26:55.152Z'
System info: host: 'DESKTOP-LMAQN76', ip: '192.168.1.6', os.name: 'Windows 10', os.arch: 'amd64', os.version: '10.0', java.version: '1.8.0_161'
Driver info: org.openqa.selenium.chrome.ChromeDriver
Capabilities {acceptInsecureCerts: false, acceptSslCerts: false, applicationCacheEnabled: false, browserConnectionEnabled: false, browserName: chrome, chrome: {chromedriverVersion: 2.36.540470 (e522d04694c7eb..., userDataDir: C:\Users\thalesh\AppData\Lo...}, cssSelectorsEnabled: true, databaseEnabled: false, handlesAlerts: true, hasTouchScreen: false, javascriptEnabled: true, locationContextEnabled: true, mobileEmulationEnabled: false, nativeEvents: true, networkConnectionEnabled: false, pageLoadStrategy: normal, platform: XP, platformName: XP, rotatable: false, setWindowRect: true, takesHeapSnapshot: true, takesScreenshot: true, unexpectedAlertBehaviour: , unhandledPromptBehavior: , version: 65.0.3325.181, webStorageEnabled: true}
Session ID: c4e9924c2fb190220de5086fccbfd389]]>
            </message>
            <full-stacktrace>
              <![CDATA[org.openqa.selenium.TimeoutException: timeout
  (Session info: chrome=65.0.3325.181)
  (Driver info: chromedriver=2.36.540470 (e522d04694c7ebea4ba8821272dbef4f9b818c91),platform=Windows NT 10.0.16299 x86_64) (WARNING: The server did not provide any stacktrace information)
Command duration or timeout: 0 milliseconds
Build info: version: '3.11.0', revision: 'e59cfb3', time: '2018-03-11T20:26:55.152Z'
System info: host: 'DESKTOP-LMAQN76', ip: '192.168.1.6', os.name: 'Windows 10', os.arch: 'amd64', os.version: '10.0', java.version: '1.8.0_161'
Driver info: org.openqa.selenium.chrome.ChromeDriver
Capabilities {acceptInsecureCerts: false, acceptSslCerts: false, applicationCacheEnabled: false, browserConnectionEnabled: false, browserName: chrome, chrome: {chromedriverVersion: 2.36.540470 (e522d04694c7eb..., userDataDir: C:\Users\thalesh\AppData\Lo...}, cssSelectorsEnabled: true, databaseEnabled: false, handlesAlerts: true, hasTouchScreen: false, javascriptEnabled: true, locationContextEnabled: true, mobileEmulationEnabled: false, nativeEvents: true, networkConnectionEnabled: false, pageLoadStrategy: normal, platform: XP, platformName: XP, rotatable: false, setWindowRect: true, takesHeapSnapshot: true, takesScreenshot: true, unexpectedAlertBehaviour: , unhandledPromptBehavior: , version: 65.0.3325.181, webStorageEnabled: true}
Session ID: c4e9924c2fb190220de5086fccbfd389
at sun.reflect.NativeConstructorAccessorImpl.newInstance0(Native Method)
at sun.reflect.NativeConstructorAccessorImpl.newInstance(NativeConstructorAccessorImpl.java:62)
at sun.reflect.DelegatingConstructorAccessorImpl.newInstance(DelegatingConstructorAccessorImpl.java:45)
at java.lang.reflect.Constructor.newInstance(Constructor.java:423)
at org.openqa.selenium.remote.ErrorHandler.createThrowable(ErrorHandler.java:214)
at org.openqa.selenium.remote.ErrorHandler.throwIfResponseFailed(ErrorHandler.java:166)
at org.openqa.selenium.remote.http.JsonHttpResponseCodec.reconstructValue(JsonHttpResponseCodec.java:40)
at org.openqa.selenium.remote.http.AbstractHttpResponseCodec.decode(AbstractHttpResponseCodec.java:80)
at org.openqa.selenium.remote.http.AbstractHttpResponseCodec.decode(AbstractHttpResponseCodec.java:44)
at org.openqa.selenium.remote.HttpCommandExecutor.execute(HttpCommandExecutor.java:158)
at org.openqa.selenium.remote.service.DriverCommandExecutor.execute(DriverCommandExecutor.java:83)
at org.openqa.selenium.remote.RemoteWebDriver.execute(RemoteWebDriver.java:545)
at org.openqa.selenium.remote.RemoteWebDriver.get(RemoteWebDriver.java:273)
at base.TestBase.initialization(TestBase.java:61)
at pageTest.HomePageTest.initialize(HomePageTest.java:28)
at sun.reflect.NativeMethodAccessorImpl.invoke0(Native Method)
at sun.reflect.NativeMethodAccessorImpl.invoke(NativeMethodAccessorImpl.java:62)
at sun.reflect.DelegatingMethodAccessorImpl.invoke(DelegatingMethodAccessorImpl.java:43)
at java.lang.reflect.Method.invoke(Method.java:498)
at org.testng.internal.MethodInvocationHelper.invokeMethod(MethodInvocationHelper.java:124)
at org.testng.internal.MethodInvocationHelper.invokeMethodConsideringTimeout(MethodInvocationHelper.java:59)
at org.testng.internal.Invoker.invokeConfigurationMethod(Invoker.java:458)
at org.testng.internal.Invoker.invokeConfigurations(Invoker.java:222)
at org.testng.internal.Invoker.invokeMethod(Invoker.java:523)
at org.testng.internal.Invoker.invokeTestMethod(Invoker.java:719)
at org.testng.internal.Invoker.invokeTestMethods(Invoker.java:989)
at org.testng.internal.TestMethodWorker.invokeTestMethods(TestMethodWorker.java:125)
at org.testng.internal.TestMethodWorker.run(TestMethodWorker.java:109)
at org.testng.TestRunner.privateRun(TestRunner.java:648)
at org.testng.TestRunner.run(TestRunner.java:505)
at org.testng.SuiteRunner.runTest(SuiteRunner.java:455)
at org.testng.SuiteRunner.runSequentially(SuiteRunner.java:450)
at org.testng.SuiteRunner.privateRun(SuiteRunner.java:415)
at org.testng.SuiteRunner.run(SuiteRunner.java:364)
at org.testng.SuiteRunnerWorker.runSuite(SuiteRunnerWorker.java:52)
at org.testng.SuiteRunnerWorker.run(SuiteRunnerWorker.java:84)
at org.testng.TestNG.runSuitesSequentially(TestNG.java:1208)
at org.testng.TestNG.runSuitesLocally(TestNG.java:1137)
at org.testng.TestNG.runSuites(TestNG.java:1049)
at org.testng.TestNG.run(TestNG.java:1017)
at org.testng.remote.AbstractRemoteTestNG.run(AbstractRemoteTestNG.java:114)
at org.testng.remote.RemoteTestNG.initAndRun(RemoteTestNG.java:251)
at org.testng.remote.RemoteTestNG.main(RemoteTestNG.java:77)
]]>
            </full-stacktrace>
          </exception> <!-- org.openqa.selenium.TimeoutException -->
          <reporter-output>
          </reporter-output>
        </test-method> <!-- clickOnLoginLinkTest -->
        <test-method status="SKIP" signature="tearDown()[pri:0, instance:pageTest.HomePageTest@e25b2fe]" name="tearDown" is-config="true" duration-ms="0" started-at="2018-04-22T12:20:42Z" finished-at="2018-04-22T12:20:42Z">
          <reporter-output>
          </reporter-output>
        </test-method> <!-- tearDown -->
      </class> <!-- pageTest.HomePageTest -->
      <class name="pageTest.WelcomePageTest">
        <test-method status="PASS" signature="initialize()[pri:0, instance:pageTest.WelcomePageTest@4667ae56]" name="initialize" is-config="true" duration-ms="22532" started-at="2018-04-22T12:16:41Z" finished-at="2018-04-22T12:17:04Z">
          <reporter-output>
          </reporter-output>
        </test-method> <!-- initialize -->
        <test-method status="PASS" signature="searchHotelTest()[pri:0, instance:pageTest.WelcomePageTest@4667ae56]" name="searchHotelTest" duration-ms="12048" started-at="2018-04-22T12:17:04Z" finished-at="2018-04-22T12:17:16Z">
          <reporter-output>
          </reporter-output>
        </test-method> <!-- searchHotelTest -->
        <test-method status="PASS" signature="tearDown()[pri:0, instance:pageTest.WelcomePageTest@4667ae56]" name="tearDown" is-config="true" duration-ms="763" started-at="2018-04-22T12:17:16Z" finished-at="2018-04-22T12:17:17Z">
          <reporter-output>
          </reporter-output>
        </test-method> <!-- tearDown -->
        <test-method status="PASS" signature="initialize()[pri:0, instance:pageTest.WelcomePageTest@4667ae56]" name="initialize" is-config="true" duration-ms="17443" started-at="2018-04-22T12:17:17Z" finished-at="2018-04-22T12:17:34Z">
          <reporter-output>
          </reporter-output>
        </test-method> <!-- initialize -->
        <test-method status="PASS" signature="validateUserLogoTest()[pri:0, instance:pageTest.WelcomePageTest@4667ae56]" name="validateUserLogoTest" duration-ms="4308" started-at="2018-04-22T12:17:34Z" finished-at="2018-04-22T12:17:39Z">
          <reporter-output>
          </reporter-output>
        </test-method> <!-- validateUserLogoTest -->
        <test-method status="PASS" signature="tearDown()[pri:0, instance:pageTest.WelcomePageTest@4667ae56]" name="tearDown" is-config="true" duration-ms="738" started-at="2018-04-22T12:17:39Z" finished-at="2018-04-22T12:17:39Z">
          <reporter-output>
          </reporter-output>
        </test-method> <!-- tearDown -->
      </class> <!-- pageTest.WelcomePageTest -->
    </test> <!-- Default test -->
  </suite> <!-- Default suite -->
</testng-results>
